-------------------------------------------------------------------------------
Test set: SystemFunctionsTest
-------------------------------------------------------------------------------
Tests run: 42, Failures: 0, Errors: 0, Skipped: 0, Time elapsed: 0.375 s - in SystemFunctionsTest
SystemWithoutStubsTest{double, double, double}[1]  Time elapsed: 0 s
SystemWithoutStubsTest{double, double, double}[2]  Time elapsed: 0 s
SystemWithoutStubsTest{double, double, double}[3]  Time elapsed: 0 s
SystemWithoutStubsTest{double, double, double}[4]  Time elapsed: 0 s
SystemWithoutStubsTest{double, double, double}[5]  Time elapsed: 0 s
SystemWithoutStubsTest{double, double, double}[6]  Time elapsed: 0.001 s
SystemWithoutStubsTest{double, double, double}[7]  Time elapsed: 0 s
SystemWithoutStubsTest{double, double, double}[8]  Time elapsed: 0 s
SystemWithoutStubsTest{double, double, double}[9]  Time elapsed: 0 s
SystemWithoutStubsTest{double, double, double}[10]  Time elapsed: 0 s
SystemWithoutStubsTest{double, double, double}[11]  Time elapsed: 0 s
SystemWithoutStubsTest{double, double, double}[12]  Time elapsed: 0 s
SystemWithoutStubsTest{double, double, double}[13]  Time elapsed: 0 s
SystemWithoutStubsTest{double, double, double}[14]  Time elapsed: 0 s
SystemWithBasicStubsTest{double, double, double}[1]  Time elapsed: 0 s
SystemWithBasicStubsTest{double, double, double}[2]  Time elapsed: 0.01 s
SystemWithBasicStubsTest{double, double, double}[3]  Time elapsed: 0.017 s
SystemWithBasicStubsTest{double, double, double}[4]  Time elapsed: 0.002 s
SystemWithBasicStubsTest{double, double, double}[5]  Time elapsed: 0.018 s
SystemWithBasicStubsTest{double, double, double}[6]  Time elapsed: 0.001 s
SystemWithBasicStubsTest{double, double, double}[7]  Time elapsed: 0.008 s
SystemWithBasicStubsTest{double, double, double}[8]  Time elapsed: 0.011 s
SystemWithBasicStubsTest{double, double, double}[9]  Time elapsed: 0.012 s
SystemWithBasicStubsTest{double, double, double}[10]  Time elapsed: 0.006 s
SystemWithBasicStubsTest{double, double, double}[11]  Time elapsed: 0.03 s
SystemWithBasicStubsTest{double, double, double}[12]  Time elapsed: 0.007 s
SystemWithBasicStubsTest{double, double, double}[13]  Time elapsed: 0.002 s
SystemWithBasicStubsTest{double, double, double}[14]  Time elapsed: 0.006 s
SystemWithAllStubsTest{double, double, double}[1]  Time elapsed: 0.018 s
SystemWithAllStubsTest{double, double, double}[2]  Time elapsed: 0.004 s
SystemWithAllStubsTest{double, double, double}[3]  Time elapsed: 0.005 s
SystemWithAllStubsTest{double, double, double}[4]  Time elapsed: 0 s
SystemWithAllStubsTest{double, double, double}[5]  Time elapsed: 0 s
SystemWithAllStubsTest{double, double, double}[6]  Time elapsed: 0 s
SystemWithAllStubsTest{double, double, double}[7]  Time elapsed: 0.017 s
SystemWithAllStubsTest{double, double, double}[8]  Time elapsed: 0.007 s
SystemWithAllStubsTest{double, double, double}[9]  Time elapsed: 0.003 s
SystemWithAllStubsTest{double, double, double}[10]  Time elapsed: 0.018 s
SystemWithAllStubsTest{double, double, double}[11]  Time elapsed: 0.007 s
SystemWithAllStubsTest{double, double, double}[12]  Time elapsed: 0.001 s
SystemWithAllStubsTest{double, double, double}[13]  Time elapsed: 0.007 s
SystemWithAllStubsTest{double, double, double}[14]  Time elapsed: 0.054 s
